<?xml version="1.0" encoding="UTF-8"?>
<!-- Generated by org.testng.reporters.JUnitReportReporter -->
<testsuite hostname="lin80027953" failures="0" tests="1" name="Tests.MultipleProducts_Test" time="4.154" errors="0" timestamp="2023-12-24T17:40:32 IST" skipped="0">
  <testcase classname="Tests.MultipleProducts_Test" name="MultipleproductsMethod" time="4.154"/>
</testsuite> <!-- Tests.MultipleProducts_Test -->
