<?xml version="1.0" encoding="UTF-8"?>
<!-- Generated by org.testng.reporters.JUnitReportReporter -->
<testsuite hostname="lin80027953" failures="0" tests="1" name="Tests.ProductOrder_Test" time="3.141" errors="0" timestamp="2023-12-24T17:40:32 IST" skipped="0">
  <testcase classname="Tests.ProductOrder_Test" name="ProductOrderMethod" time="3.141"/>
</testsuite> <!-- Tests.ProductOrder_Test -->
