<?xml version="1.0" encoding="UTF-8"?>
<!-- Generated by org.testng.reporters.JUnitReportReporter -->
<testsuite hostname="lin80027953" failures="0" tests="1" name="Tests.CartPage_Test" time="4.289" errors="0" timestamp="2023-12-24T17:40:32 IST" skipped="0">
  <testcase classname="Tests.CartPage_Test" name="CartPageMethd" time="4.289"/>
</testsuite> <!-- Tests.CartPage_Test -->
