<?xml version="1.0" encoding="UTF-8"?>
<!-- Generated by org.testng.reporters.JUnitReportReporter -->
<testsuite hostname="lin80027953" failures="0" tests="1" name="Tests.Logn1_Test" time="5.205" errors="0" timestamp="2023-12-24T17:40:32 IST" skipped="0">
  <testcase classname="Tests.Logn1_Test" name="LognMethod" time="5.205"/>
</testsuite> <!-- Tests.Logn1_Test -->
