<?xml version="1.0" encoding="UTF-8"?>
<!-- Generated by org.testng.reporters.JUnitReportReporter -->
<testsuite hostname="lin80027953" failures="0" tests="1" name="Tests.Login_Test" time="5.689" errors="0" timestamp="2023-12-22T21:31:00 IST" skipped="0">
  <testcase classname="Tests.Login_Test" name="LoginMethod" time="5.689"/>
</testsuite> <!-- Tests.Login_Test -->
